Healthy fit/HoloGraphLibrary/build/outputs/logs/manifest-merger-release-report.txt
-- Merging decision tree log ---
manifest
ADDED from Frost\HoloGraphLibrary\AndroidManifest.xml:1:1-4:12
INJECTED from Frost\HoloGraphLibrary\AndroidManifest.xml:1:1-4:12
INJECTED from Frost\HoloGraphLibrary\AndroidManifest.xml:1:1-4:12
	package
		ADDED from Frost\HoloGraphLibrary\AndroidManifest.xml:2:5-40
		INJECTED from Frost\HoloGraphLibrary\AndroidManifest.xml
		INJECTED from Frost\HoloGraphLibrary\AndroidManifest.xml
	xmlns:android
		ADDED from Frost\HoloGraphLibrary\AndroidManifest.xml:1:11-69